################################################################################
# Atomic force comparison (ordered by atom index).
################################################################################
# Col  Name  Description
################################################################################
# 1    conf  Configuration index (starting with 1).
# 2    index Atom index (starting with 1).
# 3    fxRef Reference force in x direction.
# 4    fyRef Reference force in y direction.
# 5    fzRef Reference force in z direction.
# 6    fx    Force in x direction.
# 7    fy    Force in y direction.
# 8    fz    Force in z direction.
###########################################################################################################################################################################
#        1          2                        3                        4                        5                        6                        7                        8
#     conf      index                    fxRef                    fyRef                    fzRef                       fx                       fy                       fz
###########################################################################################################################################################################
         1          1   9.1700000000000003E-06   8.3899999999999993E-06  -1.8070000000000001E-05  -5.0467243834471931E-07  -5.0467243843492493E-07  -5.0467243886340163E-07
         1          2  -2.6000000000000000E-07  -4.6000000000000000E-06   6.3700000000000000E-06  -5.0467261511043943E-07  -5.0467261425695548E-07  -2.7568715409501121E-07
         1          3   1.8199999999999999E-06   1.3300000000000000E-06   1.5639999999999999E-05  -5.0467268953441335E-07  -5.0467268972870238E-07  -1.6589205135253011E-06
         1          4  -5.4299999999999997E-06  -2.8300000000000000E-06   7.9999999999999996E-07  -5.0467261495171223E-07  -2.7568715259707749E-07  -5.0467261556233489E-07
         1          5  -1.4550000000000000E-05  -6.4999999999999996E-06   3.4800000000000001E-06  -5.0467279015444649E-07  -2.7568722352731834E-07  -2.7568722447794680E-07
         1          6   1.6050000000000000E-05   1.9720000000000001E-05  -2.6900000000000001E-06  -5.0467286566435732E-07  -2.7568724806498190E-07  -1.6589210329919907E-06
         1          7   4.9999999999999998E-07   1.3329999999999999E-05  -4.2300000000000002E-06  -5.0467269071922949E-07  -1.6589205142575683E-06  -5.0467269045555152E-07
         1          8  -1.5060000000000000E-05  -1.0370000000000001E-05   9.9100000000000000E-06  -5.0467286558282531E-07  -1.6589210339989363E-06  -2.7568724910234654E-07
         1          9   4.7700000000000001E-06   6.5799999999999997E-06  -8.3000000000000002E-06  -5.0467294254730177E-07  -1.6589213197859554E-06  -1.6589213188750288E-06
         1         10   1.0560000000000001E-05   1.1830000000000000E-05  -5.2900000000000002E-06  -2.7568715362663587E-07  -5.0467261444864242E-07  -5.0467261571672528E-07
         1         11  -1.1939999999999999E-05   2.8200000000000001E-06   1.1470000000000000E-05  -2.7568722456555034E-07  -5.0467279054736136E-07  -2.7568722427498416E-07
         1         12  -4.1799999999999998E-06   2.8300000000000000E-06  -1.2699999999999999E-06  -2.7568724874499351E-07  -5.0467286463046213E-07  -1.6589210329387166E-06
         1         13   2.3999999999999999E-06   2.5000000000000002E-06   2.1149999999999999E-05  -2.7568722394278461E-07  -2.7568722273368235E-07  -5.0467279185013869E-07
         1         14   1.2710000000000000E-05  -7.3799999999999996E-06   1.5319999999999999E-05  -2.7568729598758529E-07  -2.7568729378448648E-07  -2.7568729444281403E-07
         1         15  -1.5300000000000000E-06   6.1000000000000000E-06  -1.1999999999999999E-06  -2.7568731994498386E-07  -2.7568731959803916E-07  -1.6589215526722404E-06
         1         16  -1.0100000000000001E-06   8.9199999999999993E-06   1.0499999999999999E-05  -2.7568724738583766E-07  -1.6589210344994040E-06  -5.0467286624202023E-07
         1         17  -2.6500000000000000E-06  -6.9800000000000001E-06   3.3600000000000000E-06  -2.7568731993284079E-07  -1.6589215537090793E-06  -2.7568731991549356E-07
         1         18   7.1700000000000000E-06   1.3410000000000000E-05  -3.7200000000000000E-06  -2.7568734283639484E-07  -1.6589218398838090E-06  -1.6589218386061119E-06
         1         19  -2.4800000000000000E-06  -2.9500000000000001E-06   2.3400000000000000E-06  -1.6589205138655208E-06  -5.0467269019534300E-07  -5.0467269028034445E-07
         1         20   1.3300000000000000E-06   2.9900000000000002E-06  -3.1999999999999999E-06  -1.6589210327377923E-06  -5.0467286527057509E-07  -2.7568724896356867E-07
         1         21   1.4409999999999999E-05  -1.7589999999999999E-05  -1.3940000000000000E-05  -1.6589213198900388E-06  -5.0467294103462290E-07  -1.6589213191963203E-06
         1         22   7.7200000000000006E-06  -6.1600000000000003E-06   7.6000000000000003E-07  -1.6589210337456667E-06  -2.7568724715598680E-07  -5.0467286696886937E-07
         1         23  -1.1250000000000001E-05  -6.3999999999999997E-06  -5.9200000000000001E-06  -1.6589215525771722E-06  -2.7568731929532991E-07  -2.7568731944538349E-07
         1         24  -7.0099999999999998E-06   1.7600000000000001E-06  -1.1540000000000000E-05  -1.6589218391205307E-06  -2.7568734351640645E-07  -1.6589218382806211E-06
         1         25  -9.4599999999999992E-06  -2.1090000000000000E-05  -6.6499999999999999E-06  -1.6589213195769212E-06  -1.6589213204581607E-06  -5.0467294330711066E-07
         1         26   4.0600000000000001E-06  -2.6030000000000000E-05   2.7499999999999999E-06  -1.6589218389730792E-06  -1.6589218397814604E-06  -2.7568734415131524E-07
         1         27   1.6100000000000000E-06  -2.9299999999999999E-06  -6.3400000000000003E-06  -1.6589221246560149E-06  -1.6589221258911380E-06  -1.6589221231193508E-06
         1         28  -7.3400000000000000E-06   1.3270000000000000E-05   1.7300000000000000E-06  -5.0467270008153209E-07   4.5389576170534740E-08   4.5389576645848972E-08
         1         29  -5.2299999999999999E-06   4.1699999999999999E-06  -1.0849999999999999E-05  -5.0467261076322240E-07   4.5389559329839235E-08   7.1287012071759998E-07
         1         30  -4.3599999999999998E-06  -1.1980000000000000E-05  -3.0800000000000002E-06  -5.0467282340389136E-07   4.5389562892961255E-08   1.6810209622500696E-06
         1         31  -4.3800000000000004E-06  -2.0840000000000000E-05   4.7899999999999999E-06  -5.0467261125154705E-07   7.1287012001243488E-07   4.5389559423514303E-08
         1         32   1.3930000000000000E-05   1.3169999999999999E-05   5.2299999999999999E-06  -5.0467252385444361E-07   7.1287000620590124E-07   7.1287000614778800E-07
         1         33   5.8999999999999996E-07   8.7299999999999994E-06   2.0700000000000001E-06  -5.0467273685420033E-07   7.1287030359648562E-07   1.6810207456308124E-06
         1         34  -7.6499999999999996E-06  -3.4999999999999999E-06  -5.3299999999999998E-06  -5.0467282403099389E-07   1.6810209621188858E-06   4.5389562899900149E-08
         1         35  -9.2900000000000008E-06  -3.4699999999999998E-06   1.7240000000000001E-05  -5.0467273599724694E-07   1.6810207451688842E-06   7.1287030464078915E-07
         1         36   1.6480000000000001E-05  -3.5800000000000000E-06  -6.7900000000000002E-06  -5.0467294936129559E-07   1.6810213997788143E-06   1.6810213995244183E-06
         1         37   1.3010000000000001E-05   7.4300000000000000E-06  -6.7999999999999995E-07  -2.7568726083948558E-07   4.5389585919680675E-08   4.5389586164276685E-08
         1         38   9.0699999999999996E-06  -1.0840000000000000E-05   1.9409999999999999E-05  -2.7568722126523892E-07   4.5389568737244645E-08   7.1287036299948897E-07
         1         39  -5.2700000000000004E-06  -4.6900000000000000E-06  -1.5540000000000000E-05  -2.7568730555111581E-07   4.5389572989051885E-08   1.6810214765817025E-06
         1         40   1.0230000000000000E-05  -8.8400000000000001E-06  -5.6500000000000001E-06  -2.7568722101543874E-07   7.1287036196125697E-07   4.5389568185602580E-08
         1         41   2.3599999999999999E-06   9.3600000000000002E-06  -1.1600000000000001E-05  -2.7568718169532908E-07   7.1287024753022288E-07   7.1287024750680411E-07
         1         42   4.4200000000000000E-06   3.4000000000000001E-06  -1.3999999999999999E-06  -2.7568726460210080E-07   7.1287054533193672E-07   1.6810212617275264E-06
         1         43  -1.4579999999999999E-05  -1.1100000000000000E-05  -2.0099999999999998E-06  -2.7568730610189052E-07   1.6810214767210591E-06   4.5389573259668747E-08
         1         44   2.2800000000000002E-06   4.5100000000000000E-06   1.3999999999999999E-06  -2.7568726577303915E-07   1.6810212607139130E-06   7.1287054591306909E-07
         1         45  -6.1999999999999999E-07  -3.1000000000000000E-07  -5.0900000000000004E-06  -2.7568735005978340E-07   1.6810219142339102E-06   1.6810219143348348E-06
         1         46  -5.9000000000000003E-06   9.4099999999999997E-06  -8.6600000000000001E-06  -1.6589212511195287E-06   4.5389570404313906E-08   4.5389571106876914E-08
         1         47  -1.1409999999999999E-05  -4.1099999999999996E-06   3.8600000000000003E-06  -1.6589210321540579E-06   4.5389553648619851E-08   7.1287047690229977E-07
         1         48   2.4130000000000001E-05  -1.2200000000000000E-06   1.1480000000000000E-05  -1.6589216907400908E-06   4.5389557553482396E-08   1.6810217637400204E-06
         1         49   5.9599999999999997E-06   1.1960000000000001E-05  -8.3100000000000001E-06  -1.6589210318608896E-06   7.1287047666637737E-07   4.5389553074426381E-08
         1         50  -2.2969999999999999E-05   1.8020000000000000E-05  -5.8900000000000004E-06  -1.6589208102768538E-06   7.1287036213646404E-07   7.1287036236978435E-07
         1         51  -2.4479999999999999E-05   3.8900000000000000E-06   1.4290000000000000E-05  -1.6589214699687729E-06   7.1287066077951877E-07   1.6810215477123039E-06
         1         52  -1.0910000000000001E-05   1.4960000000000001E-05   9.4900000000000006E-06  -1.6589216894832837E-06   1.6810217639018353E-06   4.5389557321029450E-08
         1         53   1.2100000000000001E-06   1.8000000000000000E-05   2.3859999999999999E-05  -1.6589214694995302E-06   1.6810215469181262E-06   7.1287066036318514E-07
         1         54   4.1600000000000000E-06   1.8170000000000001E-05  -2.4099999999999998E-06  -1.6589221276397392E-06   1.6810222005084274E-06   1.6810222014454479E-06
         1         55  -1.2699999999999999E-06  -5.0599999999999998E-06   7.1400000000000002E-06   4.5389576196555592E-08  -5.0467269954897198E-07   4.5389576204361848E-08
         1         56   2.1200000000000000E-06   2.1900000000000002E-06  -1.6460000000000002E-05   4.5389558788605511E-08  -5.0467260989846274E-07   7.1287012066295619E-07
         1         57  -1.9300000000000002E-06  -7.0099999999999998E-06  -1.8519999999999999E-05   4.5389562620609669E-08  -5.0467282352618936E-07   1.6810209625814018E-06
         1         58  -2.6199999999999999E-06   5.6999999999999996E-06   4.8899999999999998E-06   4.5389585902333440E-08  -2.7568726090193563E-07   4.5389586361167800E-08
         1         59  -3.0900000000000001E-06  -1.4270000000000001E-05   1.2250000000000000E-05   4.5389568556833404E-08  -2.7568722134156676E-07   7.1287036209049387E-07
         1         60   4.5199999999999999E-06  -7.5000000000000002E-06  -8.3299999999999999E-06   4.5389572501594588E-08  -2.7568730624327048E-07   1.6810214772192134E-06
         1         61   1.8700000000000001E-06   1.2940000000000000E-05  -1.1569999999999999E-05   4.5389570933404566E-08  -1.6589212511897850E-06   4.5389571142438745E-08
         1         62  -8.9700000000000005E-06  -1.7600000000000001E-05   6.7200000000000000E-06   4.5389553548005890E-08  -1.6589210323821740E-06   7.1287047592218100E-07
         1         63   9.7200000000000001E-06  -1.1250000000000001E-05   1.6520000000000001E-05   4.5389557553482396E-08  -1.6589216896853790E-06   1.6810217645059009E-06
         1         64   1.5900000000000000E-05  -1.5050000000000000E-05   1.1599999999999999E-06   7.1287012036284902E-07  -5.0467261076322240E-07   4.5389558780799255E-08
         1         65  -7.8800000000000008E-06   4.2100000000000003E-06  -1.3670000000000000E-05   7.1287000690846425E-07  -5.0467252277110880E-07   7.1287000673846135E-07
         1         66  -1.1000000000000001E-07   1.4510000000000000E-05   5.5700000000000000E-06   7.1287030434068199E-07  -5.0467273597816498E-07   1.6810207459075008E-06
         1         67  -1.6520000000000001E-05   2.2400000000000002E-06   1.0360000000000001E-05   7.1287036168717066E-07  -2.7568722096946857E-07   4.5389567747584902E-08
         1         68  -2.6199999999999999E-06   5.0100000000000003E-06  -2.4890000000000001E-05   7.1287024752848815E-07  -2.7568718152098937E-07   7.1287024781645225E-07
         1         69   7.1400000000000002E-06  -2.1799999999999999E-06   6.0599999999999996E-06   7.1287054568235086E-07  -2.7568726518843734E-07   1.6810212617518125E-06
         1         70   1.6199999999999999E-06   1.2890000000000000E-05  -1.3159999999999999E-05   7.1287047611126586E-07  -1.6589210318808389E-06   4.5389552602581595E-08
         1         71  -2.7999999999999999E-06  -1.4039999999999999E-05   1.0770000000000000E-05   7.1287036224054745E-07  -1.6589208109239056E-06   7.1287036252677682E-07
         1         72   1.1300000000000000E-05  -3.3200000000000000E-06  -1.4400000000000000E-06   7.1287066061125060E-07  -1.6589214703417385E-06   1.6810215479135318E-06
         1         73   3.5400000000000000E-06  -6.2600000000000002E-06  -4.0600000000000001E-06   1.6810209622308572E-06  -5.0467282389915491E-07   4.5389563295417101E-08
         1         74   2.2800000000000002E-06  -4.5999999999999999E-07  -1.4160000000000000E-05   1.6810207452771300E-06  -5.0467273549070768E-07   7.1287030401628870E-07
         1         75  -2.7800000000000001E-06   6.7999999999999995E-07   2.9000000000000002E-06   1.6810213999940068E-06  -5.0467294918782324E-07   1.6810213998921797E-06
         1         76   2.5809999999999999E-05  -1.0410000000000000E-05   1.7700000000000000E-06   1.6810214776364239E-06  -2.7568730577576250E-07   4.5389572864151795E-08
         1         77  -4.8500000000000002E-06   2.9799999999999998E-06  -2.3999999999999998E-07   1.6810212611588687E-06  -2.7568726573140578E-07   7.1287054605184696E-07
         1         78  -8.4200000000000007E-06  -7.9300000000000003E-06   1.9470000000000002E-05   1.6810219148920804E-06  -2.7568735012917234E-07   1.6810219144666738E-06
         1         79   4.7800000000000000E-06   6.3000000000000000E-07   1.3430000000000000E-05   1.6810217638667967E-06  -1.6589216897608394E-06   4.5389557591646312E-08
         1         80   1.3040000000000001E-05   1.2130000000000001E-05  -7.5900000000000002E-06   1.6810215470475948E-06  -1.6589214703044419E-06   7.1287066025910173E-07
         1         81  -3.8000000000000000E-06   8.8000000000000004E-06  -1.3799999999999999E-06   1.6810222003525450E-06  -1.6589221281670952E-06   1.6810222010638087E-06
         1         82  -6.4500000000000001E-06   1.4840000000000000E-05   3.9800000000000000E-06   4.5389576192218783E-08   4.5389575880835920E-08  -5.0467269969537559E-07
         1         83   1.1080000000000001E-05  -8.9500000000000007E-06  -2.3099999999999999E-06   4.5389585512888020E-08   4.5389586076673150E-08  -2.7568726102924992E-07
         1         84   5.2800000000000003E-06   5.3199999999999999E-06   1.9400000000000001E-06   4.5389571187541555E-08   4.5389570512734123E-08  -1.6589212518757328E-06
         1         85  -1.1389999999999999E-05   8.9999999999999999E-08  -5.0900000000000004E-06   4.5389559590047757E-08   7.1287011928124894E-07  -5.0467261076313653E-07
         1         86   1.4200000000000000E-06   5.6699999999999999E-06  -4.6099999999999999E-06   4.5389568496985444E-08   7.1287036112772234E-07  -2.7568722114915512E-07
         1         87  -5.9300000000000000E-06   3.3200000000000000E-06  -1.6810000000000000E-05   4.5389553883674882E-08   7.1287047559431826E-07  -1.6589210323959669E-06
         1         88  -5.9399999999999999E-06  -1.2530000000000000E-05  -9.5999999999999996E-06   4.5389562332645572E-08   1.6810209629890561E-06  -5.0467282368578392E-07
         1         89  -4.2200000000000003E-06   9.5200000000000003E-06   5.2900000000000002E-06   4.5389572496390418E-08   1.6810214773191478E-06  -2.7568730666914509E-07
         1         90  -5.4600000000000002E-06   1.5679999999999999E-05  -7.2099999999999996E-06   4.5389557369601707E-08   1.6810217648872107E-06  -1.6589216898731391E-06
         1         91   4.1099999999999996E-06  -5.3399999999999997E-06   1.2220000000000000E-05   7.1287012002804739E-07   4.5389559043609862E-08  -5.0467261169755045E-07
         1         92   2.0200000000000001E-06   6.7599999999999997E-06   2.7000000000000000E-06   7.1287036226309886E-07   4.5389567892434313E-08  -2.7568722081817774E-07
         1         93  -8.8100000000000004E-06   6.1099999999999999E-06  -7.9999999999999996E-06   7.1287047671581699E-07   4.5389553136876426E-08  -1.6589210318462161E-06
         1         94   5.3199999999999999E-06  -1.1759999999999999E-05  -1.0329999999999999E-05   7.1287000610615464E-07   7.1287000635595482E-07  -5.0467252493216153E-07
         1         95   1.2040000000000000E-05  -1.4520000000000000E-05   8.5900000000000008E-06   7.1287024698378498E-07   7.1287024768201118E-07  -2.7568718149637395E-07
         1         96  -9.0599999999999997E-06   7.1899999999999998E-06  -3.6700000000000000E-06   7.1287036256060393E-07   7.1287036263172759E-07  -1.6589208096570370E-06
         1         97   1.1999999999999999E-07   6.8700000000000003E-06  -2.4300000000000000E-06   7.1287030458007383E-07   1.6810207449716799E-06  -5.0467273691144621E-07
         1         98  -3.1999999999999999E-06  -1.1080000000000001E-05  -9.9999999999999995E-07   7.1287054567020780E-07   1.6810212612901338E-06  -2.7568726608008520E-07
         1         99   7.3300000000000001E-06  -6.9999999999999999E-06   1.5050000000000000E-05   7.1287066056441306E-07   1.6810215470508914E-06  -1.6589214691621344E-06
         1        100  -1.4999999999999999E-07   1.5420000000000001E-05   7.9600000000000000E-06   1.6810209623855130E-06   4.5389562589384647E-08  -5.0467282354700604E-07
         1        101   2.7099999999999999E-06  -8.5000000000000001E-07   9.0100000000000001E-06   1.6810214774849217E-06   4.5389572011535206E-08  -2.7568730616867737E-07
         1        102  -1.0339999999999999E-05  -3.8800000000000001E-06   5.0300000000000001E-06   1.6810217637856503E-06   4.5389557539604608E-08  -1.6589216906446258E-06
         1        103   3.1300000000000001E-06  -3.0199999999999999E-06   1.6000000000000000E-07   1.6810207448265745E-06   7.1287030391827683E-07  -5.0467273668593216E-07
         1        104   2.4600000000000002E-06   1.1320000000000000E-05  -3.7000000000000000E-07   1.6810212615911824E-06   7.1287054541433609E-07  -2.7568726615901512E-07
         1        105   1.2899999999999999E-06  -1.7260000000000001E-05   3.1999999999999999E-06   1.6810215468097083E-06   7.1287066023134615E-07  -1.6589214692441089E-06
         1        106   2.5399999999999998E-06  -8.5299999999999996E-06   2.0499999999999999E-06   1.6810213996997927E-06   1.6810213998511837E-06  -5.0467294908720928E-07
         1        107   7.1999999999999999E-07  -2.3499999999999999E-06  -1.3519999999999999E-05   1.6810219147311596E-06   1.6810219152442003E-06  -2.7568735124980370E-07
         1        108  -1.9660000000000002E-05   1.9300000000000002E-06  -1.0800000000000000E-05   1.6810222012005457E-06   1.6810222009719927E-06  -1.6589221273032029E-06
